<?xml version="1.0" encoding="UTF-8"?>
<!-- Generated by org.testng.reporters.JUnitReportReporter -->
<testsuite skipped="0" hostname="DESKTOP-RIONQTI" name="reacttest.LoginTest" tests="1" failures="0" timestamp="2021-03-12T19:07:49 CAT" time="18.612" errors="0">
  <testcase name="loginTest" time="18.612" classname="reacttest.LoginTest"/>
</testsuite> <!-- reacttest.LoginTest -->
