<?xml version="1.0" encoding="UTF-8"?>
<!-- Generated by org.testng.reporters.JUnitReportReporter -->
<testsuite skipped="0" hostname="Juanita-Dell" name="reacttest.TC02_AddToCartTest" tests="1" failures="0" timestamp="2021-03-15T10:43:40 CAT" time="19.689" errors="0">
  <testcase name="loginTest" time="19.689" classname="reacttest.TC02_AddToCartTest"/>
  <system-out/>
</testsuite> <!-- reacttest.TC02_AddToCartTest -->
