<?xml version="1.0" encoding="UTF-8"?>
<!-- Generated by org.testng.reporters.JUnitReportReporter -->
<testsuite skipped="0" hostname="Juanita-Dell" name="reacttest.TC01_LoginTest" tests="1" failures="0" timestamp="2021-03-15T10:43:40 CAT" time="18.896" errors="0">
  <testcase name="loginTest" time="18.896" classname="reacttest.TC01_LoginTest"/>
  <system-out/>
</testsuite> <!-- reacttest.TC01_LoginTest -->
